<?xml version="1.0" encoding="UTF-8"?>
<testsuite name="server.api.GameInstanceServerTest" tests="7" skipped="0" failures="0" errors="0" timestamp="2022-04-08T17:40:36" hostname="Vlads-MacBook-Pro.local" time="1.287">
  <properties/>
  <testcase name="generateQuestionTest()" classname="server.api.GameInstanceServerTest" time="1.211"/>
  <testcase name="startGameTest()" classname="server.api.GameInstanceServerTest" time="0.018"/>
  <testcase name="generateQuestionExceptionTest()" classname="server.api.GameInstanceServerTest" time="0.005"/>
  <testcase name="startCountdownTest()" classname="server.api.GameInstanceServerTest" time="0.002"/>
  <testcase name="sendQuestionTest()" classname="server.api.GameInstanceServerTest" time="0.006"/>
  <testcase name="equalsTest()" classname="server.api.GameInstanceServerTest" time="0.022"/>
  <testcase name="nextQuestionImpossibleTest()" classname="server.api.GameInstanceServerTest" time="0.016"/>
  <system-out><![CDATA[19:40:37.448 [Test worker] INFO server.api.GameInstanceServer - [GI 0] Question 1 sent.
19:40:37.471 [Test worker] INFO server.api.GameInstanceServer - [GI 0] Question 1 sent.
19:40:37.471 [Test worker] INFO server.api.GameInstanceServer - [GI 0] Question 2 sent.
19:40:37.472 [Test worker] INFO server.api.GameInstanceServer - [GI 0] Question 3 sent.
19:40:37.473 [Test worker] INFO server.api.GameInstanceServer - [GI 0] Question 4 sent.
19:40:37.502 [Test worker] INFO server.api.GameInstanceServer - [GI 0] Question 1 sent.
19:40:37.503 [Test worker] INFO server.api.GameInstanceServer - [GI 0] Question 2 sent.
19:40:37.504 [Test worker] INFO server.api.GameInstanceServer - [GI 0] Question 3 sent.
19:40:37.504 [Test worker] INFO server.api.GameInstanceServer - [GI 0] Question 4 sent.
19:40:37.504 [Test worker] INFO server.api.GameInstanceServer - [GI 0] Question 5 sent.
19:40:37.504 [Test worker] INFO server.api.GameInstanceServer - [GI 0] Question 6 sent.
19:40:37.505 [Test worker] INFO server.api.GameInstanceServer - [GI 0] Question 7 sent.
19:40:37.505 [Test worker] INFO server.api.GameInstanceServer - [GI 0] Question 8 sent.
19:40:37.505 [Test worker] INFO server.api.GameInstanceServer - [GI 0] Question 9 sent.
19:40:37.506 [Test worker] INFO server.api.GameInstanceServer - [GI 0] Question 10 sent.
19:40:37.511 [Test worker] INFO server.api.GameInstanceServer - [GI 0] Question 12 sent.
19:40:37.511 [Test worker] INFO server.api.GameInstanceServer - [GI 0] Question 13 sent.
19:40:37.512 [Test worker] INFO server.api.GameInstanceServer - [GI 0] Question 14 sent.
19:40:37.512 [Test worker] INFO server.api.GameInstanceServer - [GI 0] Question 15 sent.
19:40:37.513 [Test worker] INFO server.api.GameInstanceServer - [GI 0] Question 16 sent.
19:40:37.513 [Test worker] INFO server.api.GameInstanceServer - [GI 0] Question 17 sent.
19:40:37.514 [Test worker] INFO server.api.GameInstanceServer - [GI 0] Question 18 sent.
19:40:37.514 [Test worker] INFO server.api.GameInstanceServer - [GI 0] Question 19 sent.
19:40:37.514 [Test worker] INFO server.api.GameInstanceServer - [GI 0] Question 20 sent.
]]></system-out>
  <system-err><![CDATA[]]></system-err>
</testsuite>
